<?xml version="1.0" encoding="UTF-8"?>
<!-- Generated by org.testng.reporters.JUnitReportReporter -->
<testsuite hostname="LAPTOP-EGHEC22B" failures="0" tests="1" name="com.crm.actitime.testscript.CreateCustomer" time="8.357" errors="0" timestamp="2023-01-18T12:46:42 IST" skipped="0">
  <testcase classname="com.crm.actitime.testscript.CreateCustomer" name="createCustomer" time="8.357"/>
  <system-out/>
</testsuite> <!-- com.crm.actitime.testscript.CreateCustomer -->
